Alterd permissions
 
 
 
Before
-rwxrwxrwx 1 root root 50 Apr 5 12:39 /home/mohammed/Desktop/checker_file/b.txt:a534977eeb615f0658eef927ae0724f910e9c53d39f61dfa5995aba8ebfb719d
 
After
-rw-rw-rw- 1 root root 50 Apr 5 12:39 /home/mohammed/Desktop/checker_file/b.txt:a534977eeb615f0658eef927ae0724f910e9c53d39f61dfa5995aba8ebfb719d
 
###################################################################################
 
 
 
 
Before
-rwxrwxrwx 1 root root 41 Apr 5 12:40 /home/mohammed/Desktop/checker_file/tr/e.txt:e79a9a4313cd644d4017389fe3b61abf38176903dc32f34c501959fefbfa9032
 
After
-rw-rw-rw- 1 mohammed mohammed 15 Apr 5 17:34 /home/mohammed/Desktop/checker_file/tr/e.txt:1eb058629615f030d76c73b3367faad7dc7929dcd951d55dd6bfdd34e3b79a46
 
###################################################################################
 
--------------------------------------------------------------------------------------------
 
Alterd owner
 
 
Before
-rwxrwxrwx 1 root root 84 Apr 5 12:38 /home/mohammed/Desktop/checker_file/a.txt:691aae6f26bb2dc2f6cb26501634416bf09d31719f8c05ab207a38c35a83d14c
 
After
-rwxrwxrwx 1 mohammed mohammed 84 Apr 5 12:38 /home/mohammed/Desktop/checker_file/a.txt:691aae6f26bb2dc2f6cb26501634416bf09d31719f8c05ab207a38c35a83d14c
 
###################################################################################
 
 
 
 
 
Before
-rwxrwxrwx 1 root root 41 Apr 5 12:40 /home/mohammed/Desktop/checker_file/tr/e.txt:e79a9a4313cd644d4017389fe3b61abf38176903dc32f34c501959fefbfa9032
 
After
-rw-rw-rw- 1 mohammed mohammed 15 Apr 5 17:34 /home/mohammed/Desktop/checker_file/tr/e.txt:1eb058629615f030d76c73b3367faad7dc7929dcd951d55dd6bfdd34e3b79a46
 
###################################################################################
 
--------------------------------------------------------------------------------------------
 
Alterd content (hash)
 
 
 
 
Before
-rwxrwxrwx 1 mohammed mohammed 28 Apr 5 15:02 /home/mohammed/Desktop/checker_file/c.txt:0ed3ed0787bc23fc04b24d5d3b43fea156611e74fac130451645b6c2f4cbe5ad
 
After
-rwxrwxrwx 1 mohammed mohammed 20 Apr 5 17:32 /home/mohammed/Desktop/checker_file/c.txt:362faf4323bbffa26f06216569fb6d651c9f1cf839028bd2a09f640b08924e42
 
###################################################################################
 
 
Before
-rwxrwxrwx 1 root root 17 Apr 5 15:04 /home/mohammed/Desktop/checker_file/tr/d.txt:a9ac2bba18ce09a178d52f272c5f6308a77db16e0fa9c2a7856100fed5f2a350
 
After
-rwxrwxrwx 1 root root 13 Apr 5 17:33 /home/mohammed/Desktop/checker_file/tr/d.txt:92011b64ec23dc590e06ce11247a6a9314afdf1e25994c0d270ba94c635a5607
 
###################################################################################
 
 
Before
-rwxrwxrwx 1 root root 41 Apr 5 12:40 /home/mohammed/Desktop/checker_file/tr/e.txt:e79a9a4313cd644d4017389fe3b61abf38176903dc32f34c501959fefbfa9032
 
After
-rw-rw-rw- 1 mohammed mohammed 15 Apr 5 17:34 /home/mohammed/Desktop/checker_file/tr/e.txt:1eb058629615f030d76c73b3367faad7dc7929dcd951d55dd6bfdd34e3b79a46
 
###################################################################################
 
