Alterd permissions
 
 
 
Before
-rw-r--r-- 1 root root 50 Apr 5 12:39 /home/mohammed/Desktop/checker_file/b.txt:a534977eeb615f0658eef927ae0724f910e9c53d39f61dfa5995aba8ebfb719d
 
After
-rwxrwxrwx 1 root root 50 Apr 5 12:39 /home/mohammed/Desktop/checker_file/b.txt:a534977eeb615f0658eef927ae0724f910e9c53d39f61dfa5995aba8ebfb719d
 
###################################################################################
 
 
 
Before
-rw-r--r-- 1 mohammed mohammed 26 Apr 3 22:14 /home/mohammed/Desktop/checker_file/tr/d.txt:cb6afb30e43704b56f686fd718fcbe8678720a0d81dc9ce7cc016b1140ff0560
 
After
-rwxrwxrwx 1 root root 17 Apr 5 15:04 /home/mohammed/Desktop/checker_file/tr/d.txt:a9ac2bba18ce09a178d52f272c5f6308a77db16e0fa9c2a7856100fed5f2a350
 
###################################################################################
 
 
--------------------------------------------------------------------------------------------
 
Alterd owner
 
 
Before
-rwxrwxrwx 1 mohammed mohammed 84 Apr 5 12:38 /home/mohammed/Desktop/checker_file/a.txt:691aae6f26bb2dc2f6cb26501634416bf09d31719f8c05ab207a38c35a83d14c
 
After
-rwxrwxrwx 1 root root 84 Apr 5 12:38 /home/mohammed/Desktop/checker_file/a.txt:691aae6f26bb2dc2f6cb26501634416bf09d31719f8c05ab207a38c35a83d14c
 
###################################################################################
 
 
 
 
Before
-rw-r--r-- 1 mohammed mohammed 26 Apr 3 22:14 /home/mohammed/Desktop/checker_file/tr/d.txt:cb6afb30e43704b56f686fd718fcbe8678720a0d81dc9ce7cc016b1140ff0560
 
After
-rwxrwxrwx 1 root root 17 Apr 5 15:04 /home/mohammed/Desktop/checker_file/tr/d.txt:a9ac2bba18ce09a178d52f272c5f6308a77db16e0fa9c2a7856100fed5f2a350
 
###################################################################################
 
 
--------------------------------------------------------------------------------------------
 
Alterd content (hash)
 
 
 
 
Before
-rwxrwxrwx 1 mohammed mohammed 19 Apr 5 14:59 /home/mohammed/Desktop/checker_file/c.txt:ee36015b12820f1ed1b68721277181d9173d00cc31bc46ebc6d2a166d8f588e3
 
After
-rwxrwxrwx 1 mohammed mohammed 28 Apr 5 15:02 /home/mohammed/Desktop/checker_file/c.txt:0ed3ed0787bc23fc04b24d5d3b43fea156611e74fac130451645b6c2f4cbe5ad
 
###################################################################################
 
 
Before
-rw-r--r-- 1 mohammed mohammed 26 Apr 3 22:14 /home/mohammed/Desktop/checker_file/tr/d.txt:cb6afb30e43704b56f686fd718fcbe8678720a0d81dc9ce7cc016b1140ff0560
 
After
-rwxrwxrwx 1 root root 17 Apr 5 15:04 /home/mohammed/Desktop/checker_file/tr/d.txt:a9ac2bba18ce09a178d52f272c5f6308a77db16e0fa9c2a7856100fed5f2a350
 
###################################################################################
 
 
